<?xml version="1.0" encoding="UTF-8"?>
<testsuite xmlns:xsi="http://www.w3.org/2001/XMLSchema-instance" xsi:noNamespaceSchemaLocation="https://maven.apache.org/surefire/maven-surefire-plugin/xsd/surefire-test-report.xsd" name="com.zhuxua.movietheatre.MovieTheatreTest" time="0.017" tests="5" errors="0" skipped="0" failures="0">
  <properties>
[...]
</properties>
  <testcase name="MovieTheatreExceptionTest" classname="com.zhuxua.movietheatre.MovieTheatreTest" time="0.007"/>
  <testcase name="getAvailableSeatsTest" classname="com.zhuxua.movietheatre.MovieTheatreTest" time="0"/>
  <testcase name="isSeatAvailableTest" classname="com.zhuxua.movietheatre.MovieTheatreTest" time="0.001"/>
  <testcase name="getMovieNameTest" classname="com.zhuxua.movietheatre.MovieTheatreTest" time="0"/>
  <testcase name="getSeatsTest" classname="com.zhuxua.movietheatre.MovieTheatreTest" time="0.001"/>
</testsuite>